Drill report for D:\entrenador4to\Entrenador4to2018\Entrenador1-SchDoc_4Display_en_uno.kicad_pcb
Created on 9/2/2020 12:13:06 p. m.

Copper Layer Stackup:
    =============================================================
    L1 :  F.Cu                      front
    L2 :  B.Cu                      back


Drill file 'Entrenador1-SchDoc_4Display_en_uno.drl' contains
    plated through holes:
    =============================================================
    T1  0,60mm  0,024"  (24 holes)
    T2  0,64mm  0,025"  (4 holes)
    T3  0,80mm  0,031"  (152 holes)
    T4  0,81mm  0,032"  (4 holes)
    T5  0,90mm  0,035"  (20 holes)
    T6  1,00mm  0,039"  (85 holes)
    T7  1,10mm  0,043"  (24 holes)
    T8  1,30mm  0,051"  (6 holes)
    T9  1,40mm  0,055"  (4 holes)
    T10  2,30mm  0,091"  (2 holes)

    Total plated holes count 325


Not plated through holes are merged with plated holes
    unplated through holes:
    =============================================================
    T11  3,20mm  0,126"  (8 holes)

    Total unplated holes count 8
